<?xml version="1.0" encoding="UTF-8"?>
<testng-results total="0" passed="0" failed="0"
	skipped="0">
	<reporter-output>
	</reporter-output>
	<suite started-at="2022-05-04T07:02:56Z" name="Default suite"
		finished-at="2022-05-04T07:02:59Z" duration-ms="2494">
		<groups>
			<group name="cucumber">
				<method
					signature="AbstractTestNGCucumberTests.runScenario(io.cucumber.testng.PickleWrapper, io.cucumber.testng.FeatureWrapper)[pri:0, instance:framework.TestRunner@6c4980d3]"
					name="runScenario"
					class="io.cucumber.testng.AbstractTestNGCucumberTests" />
			</group> <!-- cucumber -->
		</groups>
		<test started-at="2022-05-04T07:02:56Z" name="Default test"
			finished-at="2022-05-04T07:02:59Z" duration-ms="2494">
			<class name="framework.TestRunner">
				<test-method is-config="true"
					signature="setUpClass(org.testng.ITestContext)[pri:0, instance:framework.TestRunner@6c4980d3]"
					started-at="2022-05-04T12:32:56Z" name="setUpClass"
					finished-at="2022-05-04T12:32:56Z" duration-ms="0" status="FAIL">
					<params>
						<param index="0">
							<value>
                <![CDATA[org.testng.TestRunner@15ac59c2]]>
							</value>
						</param>
					</params>
					<exception class="java.lang.NoSuchMethodError">
						<message>
              <![CDATA[com.google.common.collect.ImmutableMap.of(Ljava/lang/Object;Ljava/lang/Object;Ljava/lang/Object;Ljava/lang/Object;Ljava/lang/Object;Ljava/lang/Object;Ljava/lang/Object;Ljava/lang/Object;Ljava/lang/Object;Ljava/lang/Object;Ljava/lang/Object;Ljava/lang/Object;)Lcom/google/common/collect/ImmutableMap;]]>
						</message>
						<full-stacktrace>
              <![CDATA[java.lang.NoSuchMethodError: com.google.common.collect.ImmutableMap.of(Ljava/lang/Object;Ljava/lang/Object;Ljava/lang/Object;Ljava/lang/Object;Ljava/lang/Object;Ljava/lang/Object;Ljava/lang/Object;Ljava/lang/Object;Ljava/lang/Object;Ljava/lang/Object;Ljava/lang/Object;Ljava/lang/Object;)Lcom/google/common/collect/ImmutableMap;
	at org.openqa.selenium.chrome.AddHasCasting.getAdditionalCommands(AddHasCasting.java:38)
	at org.openqa.selenium.chrome.ChromeDriver$ChromeDriverCommandExecutor.getExtraCommands(ChromeDriver.java:123)
	at org.openqa.selenium.chrome.ChromeDriver$ChromeDriverCommandExecutor.<init>(ChromeDriver.java:118)
	at org.openqa.selenium.chrome.ChromeDriver.<init>(ChromeDriver.java:106)
	at org.openqa.selenium.chrome.ChromeDriver.<init>(ChromeDriver.java:93)
	at org.openqa.selenium.chrome.ChromeDriver.<init>(ChromeDriver.java:48)
	at framework.CreateSession.createDriver(CreateSession.java:91)
]]>
						</full-stacktrace>
					</exception> <!-- java.lang.NoSuchMethodError -->
					<reporter-output>
					</reporter-output>
				</test-method> <!-- setUpClass -->
				<test-method is-config="true"
					signature="tearDownClass()[pri:0, instance:framework.TestRunner@6c4980d3]"
					started-at="2022-05-04T12:32:59Z" name="tearDownClass"
					finished-at="2022-05-04T12:32:59Z" duration-ms="0" status="PASS">
					<reporter-output>
					</reporter-output>
				</test-method> <!-- tearDownClass -->
			</class> <!-- framework.TestRunner -->
		</test> <!-- Default test -->
	</suite> <!-- Default suite -->
</testng-results>
