<?xml version="1.0" encoding="UTF-8"?>
<testng-results total="1" passed="1" failed="0" skipped="0">
  <reporter-output>
    <line>
      <![CDATA[<br>]]>
    </line>
    <line>
      <![CDATA[<Font Color=#008000> PASS </Font>Title Verification]]>
    </line>
    <line>
      <![CDATA[<br>]]>
    </line>
    <line>
      <![CDATA[<Font Color=#008000> PASS </Font>Articles Displayed]]>
    </line>
  </reporter-output>
  <suite started-at="2022-05-04T13:52:29Z" name="Default suite" finished-at="2022-05-04T13:52:44Z" duration-ms="15059">
    <groups>
      <group name="cucumber">
        <method signature="AbstractTestNGCucumberTests.runScenario(io.cucumber.testng.PickleWrapper, io.cucumber.testng.FeatureWrapper)[pri:0, instance:core.TestRunner@1339e7aa]" name="runScenario" class="io.cucumber.testng.AbstractTestNGCucumberTests"/>
      </group> <!-- cucumber -->
    </groups>
    <test started-at="2022-05-04T13:52:29Z" name="Default test" finished-at="2022-05-04T13:52:44Z" duration-ms="15059">
      <class name="core.TestRunner">
        <test-method is-config="true" signature="setUpClass(org.testng.ITestContext)[pri:0, instance:core.TestRunner@1339e7aa]" started-at="2022-05-04T19:22:29Z" name="setUpClass" finished-at="2022-05-04T19:22:38Z" duration-ms="9043" status="PASS">
          <params>
            <param index="0">
              <value>
                <![CDATA[org.testng.TestRunner@443a53df]]>
              </value>
            </param>
          </params>
          <reporter-output>
          </reporter-output>
        </test-method> <!-- setUpClass -->
        <test-method signature="runScenario(io.cucumber.testng.PickleWrapper, io.cucumber.testng.FeatureWrapper)[pri:0, instance:core.TestRunner@1339e7aa]" started-at="2022-05-04T19:22:38Z" name="runScenario" description="Runs Cucumber Scenarios" data-provider="scenarios" finished-at="2022-05-04T19:22:43Z" duration-ms="4781" status="PASS">
          <params>
            <param index="0">
              <value>
                <![CDATA["Get all articles"]]>
              </value>
            </param>
            <param index="1">
              <value>
                <![CDATA["Get all articles from Conduit home page"]]>
              </value>
            </param>
          </params>
          <reporter-output>
            <line>
              <![CDATA[<br>]]>
            </line>
            <line>
              <![CDATA[<Font Color=#008000> PASS </Font>Title Verification]]>
            </line>
            <line>
              <![CDATA[<br>]]>
            </line>
            <line>
              <![CDATA[<Font Color=#008000> PASS </Font>Articles Displayed]]>
            </line>
          </reporter-output>
        </test-method> <!-- runScenario -->
        <test-method is-config="true" signature="tearDownClass()[pri:0, instance:core.TestRunner@1339e7aa]" started-at="2022-05-04T19:22:43Z" name="tearDownClass" finished-at="2022-05-04T19:22:44Z" duration-ms="1185" status="PASS">
          <reporter-output>
          </reporter-output>
        </test-method> <!-- tearDownClass -->
      </class> <!-- core.TestRunner -->
    </test> <!-- Default test -->
  </suite> <!-- Default suite -->
</testng-results>
